Build started 3/10/2015 4:06:42 PM.
     1>Project "C:\Users\Dmitriy\Documents\Visual Studio 2010\Projects\Mask Cleaning\Mask Cleaning\Mask Cleaning.vcxproj" on node 2 (build target(s)).
     1>InitializeBuildStatus:
         Creating "x64\Release\Mask Cleaning.unsuccessfulbuild" because "AlwaysCreate" was specified.
       GenerateTargetFrameworkMonikerAttribute:
       Skipping target "GenerateTargetFrameworkMonikerAttribute" because all output files are up-to-date with respect to the input files.
       ClCompile:
         C:\Program Files (x86)\Microsoft Visual Studio 10.0\VC\bin\x86_amd64\CL.exe /c /IC:\openCV3Beta\opencv\build\x64\vc10\..\..\include /AI"C:\Program Files (x86)\Reference Assemblies\Microsoft\Framework\.NETFramework\v4.0" /Zi /clr /nologo /W3 /WX- /O2 /Oi /GL /D WIN32 /D NDEBUG /D _CONSOLE /D _UNICODE /D UNICODE /EHa /MD /GS /Gy /fp:precise /Zc:wchar_t /Zc:forScope /Fo"x64\Release\\" /Fd"x64\Release\vc100.pdb" /TP /FU"C:\Program Files (x86)\Reference Assemblies\Microsoft\Framework\.NETFramework\v4.0\System.Core.dll" /errorReport:prompt Cleanup.cpp /clr:nostdlib 
         Cleanup.cpp
     1>Cleanup.cpp(183): warning C4244: '=' : conversion from 'int' to 'float', possible loss of data
     1>c:\opencv3beta\opencv\build\include\opencv2\core\cvstd.hpp(451): warning C4793: 'cv::String::String' : function compiled as native :
         	Found an intrinsic not supported in managed code
     1>c:\opencv3beta\opencv\build\include\opencv2\core\mat.inl.hpp(642): warning C4793: 'cv::Mat::release' : function compiled as native :
         	Found an intrinsic not supported in managed code
     1>c:\opencv3beta\opencv\build\include\opencv2\core\mat.inl.hpp(1677): warning C4793: 'cv::SparseMat::addref' : function compiled as native :
         	Found an intrinsic not supported in managed code
     1>c:\opencv3beta\opencv\build\include\opencv2\core\mat.inl.hpp(3278): warning C4793: 'cv::UMat::addref' : function compiled as native :
         	Found an intrinsic not supported in managed code
     1>c:\opencv3beta\opencv\build\include\opencv2\core\ptr.inl.hpp(65): warning C4793: 'cv::detail::PtrOwner::incRef' : function compiled as native :
         	Found an intrinsic not supported in managed code
     1>c:\opencv3beta\opencv\build\include\opencv2\core\ptr.inl.hpp(70): warning C4793: 'cv::detail::PtrOwner::decRef' : function compiled as native :
         	Found an intrinsic not supported in managed code
     1>c:\opencv3beta\opencv\build\include\opencv2\core\mat.inl.hpp(357): warning C4793: 'cv::Mat::Mat' : function compiled as native :
         	Found an intrinsic not supported in managed code
     1>c:\opencv3beta\opencv\build\include\opencv2\core\mat.inl.hpp(541): warning C4793: 'cv::Mat::operator=' : function compiled as native :
         	Found an intrinsic not supported in managed code
         All outputs are up-to-date.
       Link:
         C:\Program Files (x86)\Microsoft Visual Studio 10.0\VC\bin\x86_amd64\link.exe /ERRORREPORT:PROMPT /OUT:"C:\Users\Dmitriy\Documents\Visual Studio 2010\Projects\Mask Cleaning\x64\Release\Mask Cleaning.exe" /INCREMENTAL:NO /NOLOGO /LIBPATH:C:\openCV3Beta\opencv\build\x64\vc10\lib opencv_world300.lib kernel32.lib user32.lib gdi32.lib winspool.lib comdlg32.lib advapi32.lib shell32.lib ole32.lib oleaut32.lib uuid.lib odbc32.lib odbccp32.lib /MANIFEST /ManifestFile:"x64\Release\Mask Cleaning.exe.intermediate.manifest" /MANIFESTUAC:"level='asInvoker' uiAccess='false'" /DEBUG /PDB:"C:\Users\Dmitriy\Documents\Visual Studio 2010\Projects\Mask Cleaning\x64\Release\Mask Cleaning.pdb" /SUBSYSTEM:CONSOLE /OPT:REF /OPT:ICF /LTCG /TLBID:1 /DYNAMICBASE /FIXED:NO /NXCOMPAT /MACHINE:X64 x64\Release\Cleanup.obj
         x64\Release\test_setup.obj
         "x64\Release\.NETFramework,Version=v4.0.AssemblyAttributes.obj"
         LINK : /LTCG specified but no code generation required; remove /LTCG from the link command line to improve linker performance
         Mask Cleaning.vcxproj -> C:\Users\Dmitriy\Documents\Visual Studio 2010\Projects\Mask Cleaning\x64\Release\Mask Cleaning.exe
       Manifest:
         C:\Program Files (x86)\Microsoft SDKs\Windows\v7.0A\bin\mt.exe /nologo /verbose /outputresource:"C:\Users\Dmitriy\Documents\Visual Studio 2010\Projects\Mask Cleaning\x64\Release\Mask Cleaning.exe;#1" /manifest "x64\Release\Mask Cleaning.exe.intermediate.manifest"
       FinalizeBuildStatus:
         Deleting file "x64\Release\Mask Cleaning.unsuccessfulbuild".
         Touching "x64\Release\Mask Cleaning.lastbuildstate".
     1>Done Building Project "C:\Users\Dmitriy\Documents\Visual Studio 2010\Projects\Mask Cleaning\Mask Cleaning\Mask Cleaning.vcxproj" (build target(s)).

Build succeeded.

Time Elapsed 00:00:03.47
